NAVIGATOR/Library/Bee/Android/Prj/Mono2x/Gradle/launcher/build/intermediates/manifest_merge_blame_file/release/manifest-merger-blame-release-report.txt
1<?xml version="1.0" encoding="utf-8"?>
2<manifest xmlns:android="http://schemas.android.com/apk/res/android"
3    package="com.DefaultCompany.NAVIGATOR"
4    android:installLocation="preferExternal"
5    android:versionCode="1"
6    android:versionName="0.1" >
7
8    <uses-sdk
9        android:minSdkVersion="22"
9-->src\main\AndroidManifest.xml
10        android:targetSdkVersion="30" />
10-->src\main\AndroidManifest.xml
11
12    <supports-screens
12-->src\main\AndroidManifest.xml:3:3-163
13        android:anyDensity="true"
13-->src\main\AndroidManifest.xml:3:135-160
14        android:largeScreens="true"
14-->src\main\AndroidManifest.xml:3:78-105
15        android:normalScreens="true"
15-->src\main\AndroidManifest.xml:3:49-77
16        android:smallScreens="true"
16-->src\main\AndroidManifest.xml:3:21-48
17        android:xlargeScreens="true" />
17-->src\main\AndroidManifest.xml:3:106-134
18
19    <uses-feature android:glEsVersion="0x00030000" />
19-->[:unityLibrary] AndroidManifest.xml:12:5-54
19-->[:unityLibrary] AndroidManifest.xml:12:19-51
20    <uses-feature
20-->[:unityLibrary] AndroidManifest.xml:13:5-15:36
21        android:name="android.hardware.vulkan.version"
21-->[:unityLibrary] AndroidManifest.xml:14:9-55
22        android:required="false" />
22-->[:unityLibrary] AndroidManifest.xml:15:9-33
23
24    <uses-permission android:name="android.permission.ACCESS_COARSE_LOCATION" />
24-->[:unityLibrary] AndroidManifest.xml:17:5-81
24-->[:unityLibrary] AndroidManifest.xml:17:22-78
25
26    <uses-feature
26-->[:unityLibrary] AndroidManifest.xml:19:5-21:36
27        android:name="android.hardware.location.gps"
27-->[:unityLibrary] AndroidManifest.xml:20:9-53
28        android:required="false" />
28-->[:unityLibrary] AndroidManifest.xml:21:9-33
29    <uses-feature
29-->[:unityLibrary] AndroidManifest.xml:22:5-24:36
30        android:name="android.hardware.location"
30-->[:unityLibrary] AndroidManifest.xml:23:9-49
31        android:required="false" />
31-->[:unityLibrary] AndroidManifest.xml:24:9-33
32    <uses-feature
32-->[:unityLibrary] AndroidManifest.xml:25:5-27:36
33        android:name="android.hardware.touchscreen"
33-->[:unityLibrary] AndroidManifest.xml:26:9-52
34        android:required="false" />
34-->[:unityLibrary] AndroidManifest.xml:27:9-33
35    <uses-feature
35-->[:unityLibrary] AndroidManifest.xml:28:5-30:36
36        android:name="android.hardware.touchscreen.multitouch"
36-->[:unityLibrary] AndroidManifest.xml:29:9-63
37        android:required="false" />
37-->[:unityLibrary] AndroidManifest.xml:30:9-33
38    <uses-feature
38-->[:unityLibrary] AndroidManifest.xml:31:5-33:36
39        android:name="android.hardware.touchscreen.multitouch.distinct"
39-->[:unityLibrary] AndroidManifest.xml:32:9-72
40        android:required="false" />
40-->[:unityLibrary] AndroidManifest.xml:33:9-33
41
42    <application
42-->src\main\AndroidManifest.xml:4:3-83
43        android:extractNativeLibs="true"
43-->[:unityLibrary] AndroidManifest.xml:35:18-50
44        android:icon="@mipmap/app_icon"
44-->src\main\AndroidManifest.xml:4:49-80
45        android:label="@string/app_name" >
45-->src\main\AndroidManifest.xml:4:16-48
46        <activity
46-->[:unityLibrary] AndroidManifest.xml:36:9-56:20
47            android:name="com.unity3d.player.UnityPlayerActivity"
47-->[:unityLibrary] AndroidManifest.xml:37:13-66
48            android:configChanges="mcc|mnc|locale|touchscreen|keyboard|keyboardHidden|navigation|orientation|screenLayout|uiMode|screenSize|smallestScreenSize|fontScale|layoutDirection|density"
48-->[:unityLibrary] AndroidManifest.xml:38:13-194
49            android:hardwareAccelerated="false"
49-->[:unityLibrary] AndroidManifest.xml:39:13-48
50            android:launchMode="singleTask"
50-->[:unityLibrary] AndroidManifest.xml:40:13-44
51            android:resizeableActivity="false"
51-->[:unityLibrary] AndroidManifest.xml:41:13-47
52            android:screenOrientation="fullUser"
52-->[:unityLibrary] AndroidManifest.xml:42:13-49
53            android:theme="@style/UnityThemeSelector" >
53-->[:unityLibrary] AndroidManifest.xml:43:13-54
54            <intent-filter>
54-->[:unityLibrary] AndroidManifest.xml:44:13-48:29
55                <action android:name="android.intent.action.MAIN" />
55-->[:unityLibrary] AndroidManifest.xml:45:17-69
55-->[:unityLibrary] AndroidManifest.xml:45:25-66
56
57                <category android:name="android.intent.category.LAUNCHER" />
57-->[:unityLibrary] AndroidManifest.xml:47:17-77
57-->[:unityLibrary] AndroidManifest.xml:47:27-74
58            </intent-filter>
59
60            <meta-data
60-->[:unityLibrary] AndroidManifest.xml:50:13-52:40
61                android:name="unityplayer.UnityActivity"
61-->[:unityLibrary] AndroidManifest.xml:51:17-57
62                android:value="true" />
62-->[:unityLibrary] AndroidManifest.xml:52:17-37
63            <meta-data
63-->[:unityLibrary] AndroidManifest.xml:53:13-55:40
64                android:name="android.notch_support"
64-->[:unityLibrary] AndroidManifest.xml:54:17-53
65                android:value="true" />
65-->[:unityLibrary] AndroidManifest.xml:55:17-37
66        </activity>
67
68        <meta-data
68-->[:unityLibrary] AndroidManifest.xml:58:9-60:33
69            android:name="unity.splash-mode"
69-->[:unityLibrary] AndroidManifest.xml:59:13-45
70            android:value="0" />
70-->[:unityLibrary] AndroidManifest.xml:60:13-30
71        <meta-data
71-->[:unityLibrary] AndroidManifest.xml:61:9-63:36
72            android:name="unity.splash-enable"
72-->[:unityLibrary] AndroidManifest.xml:62:13-47
73            android:value="True" />
73-->[:unityLibrary] AndroidManifest.xml:63:13-33
74        <meta-data
74-->[:unityLibrary] AndroidManifest.xml:64:9-66:36
75            android:name="unity.launch-fullscreen"
75-->[:unityLibrary] AndroidManifest.xml:65:13-51
76            android:value="True" />
76-->[:unityLibrary] AndroidManifest.xml:66:13-33
77        <meta-data
77-->[:unityLibrary] AndroidManifest.xml:67:9-69:37
78            android:name="unity.allow-resizable-window"
78-->[:unityLibrary] AndroidManifest.xml:68:13-56
79            android:value="False" />
79-->[:unityLibrary] AndroidManifest.xml:69:13-34
80        <meta-data
80-->[:unityLibrary] AndroidManifest.xml:70:9-72:50
81            android:name="notch.config"
81-->[:unityLibrary] AndroidManifest.xml:71:13-40
82            android:value="portrait|landscape" />
82-->[:unityLibrary] AndroidManifest.xml:72:13-47
83        <meta-data
83-->[:unityLibrary] AndroidManifest.xml:73:9-75:36
84            android:name="unity.auto-report-fully-drawn"
84-->[:unityLibrary] AndroidManifest.xml:74:13-57
85            android:value="true" />
85-->[:unityLibrary] AndroidManifest.xml:75:13-33
86    </application>
87
88</manifest>